2025-12-02 18:12:05,056 - INFO - ... ุจุฏุก ุนูููุฉ ุงููุดุฑ ...
2025-12-02 18:12:05,057 - INFO - ๐ ุงููุดุฑ ููุตูุฑุฉ ุฑูู: 1
2025-12-02 18:12:05,058 - INFO - ๐ ุงูุชุนููู (ุฌุฒุก): ูุฑุฏ ุงููุฑุขู ุงูููููุ ุตูุญุฉ 1

'ูุงู ุฎุจุงุจ ุจู ุงูุฃุฑุช ุฑุถู ...
2025-12-02 18:12:26,065 - INFO - ุฑุฏ API: {'id': '122149032842944652', 'post_id': '770184126170284_122149032860944652'}
2025-12-02 18:12:26,066 - INFO - โ ูุดุฑ ูุงุฌุญ! https://facebook.com/770184126170284_122149032860944652
2025-12-02 19:33:55,854 - INFO - ... ุจุฏุก ุนูููุฉ ุงููุดุฑ ...
2025-12-02 19:33:55,855 - ERROR - ุงูุตูุฑุฉ ุบูุฑ ููุฌูุฏุฉ: static\images\page_2.png
                                                       static\images\page_2.jpg2025-12-02 19:36:43,203 - INFO - ... ุจุฏุก ุนูููุฉ ุงููุดุฑ ...
2025-12-02 19:36:43,204 - INFO - ๐ ุงููุดุฑ ููุตูุฑุฉ ุฑูู: 2
2025-12-02 19:36:43,204 - INFO - ๐ ุงูุชุนููู (ุฌุฒุก): ูุฑุฏ ุงููุฑุขู ุงูููููุ ุตูุญุฉ 2

'ุงูููู ุงุฌุนููุง ูู ุฃูู ุงู...
2025-12-02 19:36:48,826 - INFO - ุฑุฏ API: {'id': '122149045442944652', 'post_id': '770184126170284_122149045466944652'}
2025-12-02 19:36:48,827 - INFO - โ ูุดุฑ ูุงุฌุญ! https://facebook.com/770184126170284_122149045466944652
2025-12-03 19:22:43,549 - INFO - ... ุจุฏุก ุนูููุฉ ุงููุดุฑ ...
2025-12-03 19:22:43,553 - INFO - ๐ ุงููุดุฑ ููุตูุฑุฉ ุฑูู: 3
2025-12-03 19:22:43,554 - INFO - ๐ ุงูุชุนููู (ุฌุฒุก): ูุฑุฏ ุงููุฑุขู ุงูููููุ ุตูุญุฉ 3

'๏ดฟุฅูููู ูููฐุฐูุง ุงููููุฑูุข...
2025-12-03 19:22:49,293 - INFO - ุฑุฏ API: {'id': '122149233506944652', 'post_id': '770184126170284_122149233530944652'}
2025-12-03 19:22:49,295 - INFO - โ ูุดุฑ ูุงุฌุญ! https://facebook.com/770184126170284_122149233530944652
2025-12-04 13:35:25,910 - INFO - ... ุจุฏุก ุนูููุฉ ุงููุดุฑ ...
2025-12-04 13:35:25,910 - INFO - ๐ ุงููุดุฑ ููุตูุฑุฉ ุฑูู: 4
2025-12-04 13:35:25,910 - INFO - ๐ ุงูุชุนููู (ุฌุฒุก): ูุฑุฏ ุงููุฑุขู ุงูููููุ ุตูุญุฉ 4

'ูุงู ุนุจุฏ ุงููู ุจู ูุณุนูุฏ ...
2025-12-04 13:35:34,264 - INFO - ุฑุฏ API: {'id': '122149384052944652', 'post_id': '770184126170284_122149384082944652'}
2025-12-04 13:35:34,265 - INFO - โ ูุดุฑ ูุงุฌุญ! https://facebook.com/770184126170284_122149384082944652
